<?xml version="1.0" encoding="UTF-8"?>
<!-- Generated by org.testng.reporters.JUnitReportReporter -->
<testsuite hostname="SolomonsAsus" failures="0" tests="1" name="com.learn.API.SumValidation" time="2.333" errors="0" timestamp="2025-08-10T21:27:17 IST" skipped="0">
  <testcase classname="com.learn.API.SumValidation" name="sumOfCourses" time="2.333"/>
</testsuite> <!-- com.learn.API.SumValidation -->
